-- Found ament_cmake: 1.3.11 (/opt/ros/humble/share/ament_cmake/cmake)
-- Found rclcpp: 16.0.11 (/opt/ros/humble/share/rclcpp/cmake)
-- Found rosidl_generator_c: 3.1.6 (/opt/ros/humble/share/rosidl_generator_c/cmake)
-- Found rosidl_adapter: 3.1.6 (/opt/ros/humble/share/rosidl_adapter/cmake)
-- Found rosidl_generator_cpp: 3.1.6 (/opt/ros/humble/share/rosidl_generator_cpp/cmake)
-- Using all available rosidl_typesupport_c: rosidl_typesupport_fastrtps_c;rosidl_typesupport_introspection_c
-- Using all available rosidl_typesupport_cpp: rosidl_typesupport_fastrtps_cpp;rosidl_typesupport_introspection_cpp
-- Found rmw_implementation_cmake: 6.1.2 (/opt/ros/humble/share/rmw_implementation_cmake/cmake)
-- Found rmw_fastrtps_cpp: 6.2.7 (/opt/ros/humble/share/rmw_fastrtps_cpp/cmake)
-- Using RMW implementation 'rmw_fastrtps_cpp' as default
-- Found nav_msgs: 4.2.4 (/opt/ros/humble/share/nav_msgs/cmake)
-- Found px4_msgs: 2.0.1 (/home/airlab/drone_control_ws/install/px4_msgs/share/px4_msgs/cmake)
-- ********************************************************************************
-- ---> Looking for ACADO toolkit:
-- Could not find ACADO toolkit include directories
-- Could not find ACADO toolkit library directories
-- Could not find ACADO static library.
-- Could not find ACADO shared library.
-- ********************************************************************************
-- Found tf2: 0.25.12 (/opt/ros/humble/share/tf2/cmake)
-- Found tf2_geometry_msgs: 0.25.16 (/opt/ros/humble/share/tf2_geometry_msgs/cmake)
-- Found eigen3_cmake_module: 0.1.1 (/opt/ros/humble/share/eigen3_cmake_module/cmake)
-- Ensuring Eigen3 include directory is part of orocos-kdl CMake target
-- Found ament_lint_auto: 0.12.11 (/opt/ros/humble/share/ament_lint_auto/cmake)
-- Added test 'copyright' to check source files copyright and LICENSE
-- Added test 'cppcheck' to perform static code analysis on C / C++ code
-- Configured cppcheck include dirs: /home/airlab/test_ws/src/mpc_acado_ros2/.;/home/airlab/test_ws/src/mpc_acado_ros2/include;/home/airlab/test_ws/src/mpc_acado_ros2/model/codegen/;/home/airlab/test_ws/src/mpc_acado_ros2/externals/qpoases;/home/airlab/test_ws/src/mpc_acado_ros2/externals/qpoases/INCLUDE;/home/airlab/test_ws/src/mpc_acado_ros2/externals/qpoases/SRC;/home/airlab/test_ws/src/mpc_acado_ros2/externals/ACADOtoolkit/acado/code_generation;/home/airlab/test_ws/src/mpc_acado_ros2/externals/ACADOtoolkit/acado;/home/airlab/test_ws/src/mpc_acado_ros2/externals/ACADOtoolkit/
-- Configured cppcheck exclude dirs and/or files: 
-- Added test 'cpplint' to check C / C++ code against the Google style
-- Configured cpplint exclude dirs and/or files: 
-- Added test 'flake8' to check Python code syntax and style conventions
-- Added test 'lint_cmake' to check CMake code style
-- Added test 'pep257' to check Python code against some of the docstring style conventions in PEP 257
-- Added test 'uncrustify' to check C / C++ code style
-- Configured uncrustify additional arguments: 
-- Added test 'xmllint' to check XML markup files
-- Configuring done
-- Generating done
-- Build files have been written to: /home/airlab/test_ws/src/mpc_acado_ros2/build/mpc_acado
[35m[1mConsolidate compiler generated dependencies of target mpc_solver[0m
[ 78%] Built target mpc_solver
[35m[1mConsolidate compiler generated dependencies of target code_gen_drone[0m
[ 84%] [32mBuilding CXX object CMakeFiles/mpc_acado_node.dir/src/mpc_acado_node.cpp.o[0m
[ 94%] Built target code_gen_drone
[100%] [32m[1mLinking CXX executable mpc_acado_node[0m
[100%] Built target mpc_acado_node
-- Install configuration: ""
-- Installing: /home/airlab/test_ws/src/mpc_acado_ros2/install/mpc_acado/share/ament_index/resource_index/package_run_dependencies/mpc_acado
-- Installing: /home/airlab/test_ws/src/mpc_acado_ros2/install/mpc_acado/share/ament_index/resource_index/parent_prefix_path/mpc_acado
-- Installing: /home/airlab/test_ws/src/mpc_acado_ros2/install/mpc_acado/share/mpc_acado/environment/ament_prefix_path.sh
-- Installing: /home/airlab/test_ws/src/mpc_acado_ros2/install/mpc_acado/share/mpc_acado/environment/ament_prefix_path.dsv
-- Installing: /home/airlab/test_ws/src/mpc_acado_ros2/install/mpc_acado/share/mpc_acado/environment/path.sh
-- Installing: /home/airlab/test_ws/src/mpc_acado_ros2/install/mpc_acado/share/mpc_acado/environment/path.dsv
-- Installing: /home/airlab/test_ws/src/mpc_acado_ros2/install/mpc_acado/share/mpc_acado/local_setup.bash
-- Installing: /home/airlab/test_ws/src/mpc_acado_ros2/install/mpc_acado/share/mpc_acado/local_setup.sh
-- Installing: /home/airlab/test_ws/src/mpc_acado_ros2/install/mpc_acado/share/mpc_acado/local_setup.zsh
-- Installing: /home/airlab/test_ws/src/mpc_acado_ros2/install/mpc_acado/share/mpc_acado/local_setup.dsv
-- Installing: /home/airlab/test_ws/src/mpc_acado_ros2/install/mpc_acado/share/mpc_acado/package.dsv
-- Installing: /home/airlab/test_ws/src/mpc_acado_ros2/install/mpc_acado/share/ament_index/resource_index/packages/mpc_acado
-- Installing: /home/airlab/test_ws/src/mpc_acado_ros2/install/mpc_acado/share/mpc_acado/cmake/ament_cmake_export_include_directories-extras.cmake
-- Installing: /home/airlab/test_ws/src/mpc_acado_ros2/install/mpc_acado/share/mpc_acado/cmake/mpc_acadoConfig.cmake
-- Installing: /home/airlab/test_ws/src/mpc_acado_ros2/install/mpc_acado/share/mpc_acado/cmake/mpc_acadoConfig-version.cmake
-- Installing: /home/airlab/test_ws/src/mpc_acado_ros2/install/mpc_acado/share/mpc_acado/package.xml
-- Installing: /home/airlab/test_ws/src/mpc_acado_ros2/install/mpc_acado/lib/mpc_acado/code_gen_drone
-- Set runtime path of "/home/airlab/test_ws/src/mpc_acado_ros2/install/mpc_acado/lib/mpc_acado/code_gen_drone" to ""
-- Installing: /home/airlab/test_ws/src/mpc_acado_ros2/install/mpc_acado/lib/mpc_acado/mpc_acado_node
-- Set runtime path of "/home/airlab/test_ws/src/mpc_acado_ros2/install/mpc_acado/lib/mpc_acado/mpc_acado_node" to ""
