[0.292s] DEBUG:colcon:Command line arguments: ['/usr/bin/colcon', 'build']
[0.292s] DEBUG:colcon:Parsed command line arguments: Namespace(log_base=None, log_level=None, verb_name='build', build_base='build', install_base='install', merge_install=False, symlink_install=False, test_result_base=None, continue_on_error=False, executor='parallel', parallel_workers=12, event_handlers=None, ignore_user_meta=False, metas=['./colcon.meta'], base_paths=['.'], packages_ignore=None, packages_ignore_regex=None, paths=None, packages_up_to=None, packages_up_to_regex=None, packages_above=None, packages_above_and_dependencies=None, packages_above_depth=None, packages_select_by_dep=None, packages_skip_by_dep=None, packages_skip_up_to=None, packages_select_build_failed=False, packages_skip_build_finished=False, packages_select_test_failures=False, packages_skip_test_passed=False, packages_select=None, packages_skip=None, packages_select_regex=None, packages_skip_regex=None, packages_start=None, packages_end=None, allow_overriding=[], cmake_args=None, cmake_target=None, cmake_target_skip_unavailable=False, cmake_clean_cache=False, cmake_clean_first=False, cmake_force_configure=False, ament_cmake_args=None, catkin_cmake_args=None, catkin_skip_building_tests=False, mixin_files=None, mixin=None, verb_parser=<colcon_mixin.mixin.mixin_argument.MixinArgumentDecorator object at 0x7d6a55ba09d0>, verb_extension=<colcon_core.verb.build.BuildVerb object at 0x7d6a55ba0370>, main=<bound method BuildVerb.main of <colcon_core.verb.build.BuildVerb object at 0x7d6a55ba0370>>, mixin_verb=('build',))
[1.092s] Level 1:colcon.colcon_core.package_discovery:discover_packages(colcon_meta) check parameters
[1.092s] Level 1:colcon.colcon_core.package_discovery:discover_packages(recursive) check parameters
[1.092s] Level 1:colcon.colcon_core.package_discovery:discover_packages(ignore) check parameters
[1.092s] Level 1:colcon.colcon_core.package_discovery:discover_packages(path) check parameters
[1.092s] Level 1:colcon.colcon_core.package_discovery:discover_packages(colcon_meta) discover
[1.093s] Level 1:colcon.colcon_core.package_discovery:discover_packages(recursive) discover
[1.093s] INFO:colcon.colcon_core.package_discovery:Crawling recursively for packages in '/home/airlab/test_ws/src/mpc_acado_ros2'
[1.093s] Level 1:colcon.colcon_core.package_identification:_identify(.) by extensions ['ignore', 'ignore_ament_install']
[1.093s] Level 1:colcon.colcon_core.package_identification:_identify(.) by extension 'ignore'
[1.093s] Level 1:colcon.colcon_core.package_identification:_identify(.) by extension 'ignore_ament_install'
[1.093s] Level 1:colcon.colcon_core.package_identification:_identify(.) by extensions ['colcon_pkg']
[1.094s] Level 1:colcon.colcon_core.package_identification:_identify(.) by extension 'colcon_pkg'
[1.094s] Level 1:colcon.colcon_core.package_identification:_identify(.) by extensions ['colcon_meta']
[1.094s] Level 1:colcon.colcon_core.package_identification:_identify(.) by extension 'colcon_meta'
[1.094s] Level 1:colcon.colcon_core.package_identification:_identify(.) by extensions ['ros']
[1.094s] Level 1:colcon.colcon_core.package_identification:_identify(.) by extension 'ros'
[1.186s] DEBUG:colcon.colcon_core.package_identification:Package '.' with type 'ros.ament_cmake' and name 'mpc_acado'
[1.187s] Level 1:colcon.colcon_core.package_discovery:discover_packages(recursive) using defaults
[1.187s] Level 1:colcon.colcon_core.package_discovery:discover_packages(ignore) discover
[1.187s] Level 1:colcon.colcon_core.package_discovery:discover_packages(ignore) using defaults
[1.187s] Level 1:colcon.colcon_core.package_discovery:discover_packages(path) discover
[1.187s] Level 1:colcon.colcon_core.package_discovery:discover_packages(path) using defaults
[1.233s] Level 1:colcon.colcon_core.package_discovery:discover_packages(prefix_path) check parameters
[1.234s] Level 1:colcon.colcon_core.package_discovery:discover_packages(prefix_path) discover
[1.238s] DEBUG:colcon.colcon_installed_package_information.package_discovery:Found 6 installed packages in /home/airlab/drone_control_ws/install
[1.239s] DEBUG:colcon.colcon_installed_package_information.package_discovery:Found 1 installed packages in /home/airlab/drone_control_ws/src/mpc_casadi_ros2/install
[1.242s] DEBUG:colcon.colcon_installed_package_information.package_discovery:Found 284 installed packages in /opt/ros/humble
[1.247s] Level 1:colcon.colcon_core.package_discovery:discover_packages(prefix_path) using defaults
[1.348s] Level 5:colcon.colcon_core.verb:set package 'mpc_acado' build argument 'cmake_args' from command line to 'None'
[1.349s] Level 5:colcon.colcon_core.verb:set package 'mpc_acado' build argument 'cmake_target' from command line to 'None'
[1.349s] Level 5:colcon.colcon_core.verb:set package 'mpc_acado' build argument 'cmake_target_skip_unavailable' from command line to 'False'
[1.349s] Level 5:colcon.colcon_core.verb:set package 'mpc_acado' build argument 'cmake_clean_cache' from command line to 'False'
[1.349s] Level 5:colcon.colcon_core.verb:set package 'mpc_acado' build argument 'cmake_clean_first' from command line to 'False'
[1.349s] Level 5:colcon.colcon_core.verb:set package 'mpc_acado' build argument 'cmake_force_configure' from command line to 'False'
[1.349s] Level 5:colcon.colcon_core.verb:set package 'mpc_acado' build argument 'ament_cmake_args' from command line to 'None'
[1.349s] Level 5:colcon.colcon_core.verb:set package 'mpc_acado' build argument 'catkin_cmake_args' from command line to 'None'
[1.349s] Level 5:colcon.colcon_core.verb:set package 'mpc_acado' build argument 'catkin_skip_building_tests' from command line to 'False'
[1.349s] DEBUG:colcon.colcon_core.verb:Building package 'mpc_acado' with the following arguments: {'ament_cmake_args': None, 'build_base': '/home/airlab/test_ws/src/mpc_acado_ros2/build/mpc_acado', 'catkin_cmake_args': None, 'catkin_skip_building_tests': False, 'cmake_args': None, 'cmake_clean_cache': False, 'cmake_clean_first': False, 'cmake_force_configure': False, 'cmake_target': None, 'cmake_target_skip_unavailable': False, 'install_base': '/home/airlab/test_ws/src/mpc_acado_ros2/install/mpc_acado', 'merge_install': False, 'path': '/home/airlab/test_ws/src/mpc_acado_ros2', 'symlink_install': False, 'test_result_base': None}
[1.350s] INFO:colcon.colcon_core.executor:Executing jobs using 'parallel' executor
[1.352s] DEBUG:colcon.colcon_parallel_executor.executor.parallel:run_until_complete
[1.352s] INFO:colcon.colcon_ros.task.ament_cmake.build:Building ROS package in '/home/airlab/test_ws/src/mpc_acado_ros2' with build type 'ament_cmake'
[1.353s] INFO:colcon.colcon_cmake.task.cmake.build:Building CMake package in '/home/airlab/test_ws/src/mpc_acado_ros2'
[1.357s] INFO:colcon.colcon_core.plugin_system:Skipping extension 'colcon_core.shell.bat': Not used on non-Windows systems
[1.358s] INFO:colcon.colcon_core.shell:Skip shell extension 'powershell' for command environment: Not usable outside of PowerShell
[1.358s] DEBUG:colcon.colcon_core.shell:Skip shell extension 'dsv' for command environment
[1.383s] DEBUG:colcon.colcon_core.event_handler.log_command:Invoking command in '/home/airlab/test_ws/src/mpc_acado_ros2/build/mpc_acado': CMAKE_PREFIX_PATH=${CMAKE_PREFIX_PATH}:/home/airlab/drone_control_ws/install/drone_nn_dynamics:/home/airlab/drone_control_ws/install/cl_control:/opt/ros/humble /usr/bin/cmake --build /home/airlab/test_ws/src/mpc_acado_ros2/build/mpc_acado -- -j12 -l12
[35.251s] DEBUG:colcon.colcon_core.event_handler.log_command:Invoked command in '/home/airlab/test_ws/src/mpc_acado_ros2/build/mpc_acado' returned '0': CMAKE_PREFIX_PATH=${CMAKE_PREFIX_PATH}:/home/airlab/drone_control_ws/install/drone_nn_dynamics:/home/airlab/drone_control_ws/install/cl_control:/opt/ros/humble /usr/bin/cmake --build /home/airlab/test_ws/src/mpc_acado_ros2/build/mpc_acado -- -j12 -l12
[35.270s] DEBUG:colcon.colcon_core.event_handler.log_command:Invoking command in '/home/airlab/test_ws/src/mpc_acado_ros2/build/mpc_acado': CMAKE_PREFIX_PATH=${CMAKE_PREFIX_PATH}:/home/airlab/drone_control_ws/install/drone_nn_dynamics:/home/airlab/drone_control_ws/install/cl_control:/opt/ros/humble /usr/bin/cmake --install /home/airlab/test_ws/src/mpc_acado_ros2/build/mpc_acado
[35.304s] Level 1:colcon.colcon_core.environment:create_environment_scripts_only(mpc_acado)
[35.305s] DEBUG:colcon.colcon_core.event_handler.log_command:Invoked command in '/home/airlab/test_ws/src/mpc_acado_ros2/build/mpc_acado' returned '0': CMAKE_PREFIX_PATH=${CMAKE_PREFIX_PATH}:/home/airlab/drone_control_ws/install/drone_nn_dynamics:/home/airlab/drone_control_ws/install/cl_control:/opt/ros/humble /usr/bin/cmake --install /home/airlab/test_ws/src/mpc_acado_ros2/build/mpc_acado
[35.310s] Level 1:colcon.colcon_core.environment:checking '/home/airlab/test_ws/src/mpc_acado_ros2/install/mpc_acado' for CMake module files
[35.312s] Level 1:colcon.colcon_core.environment:checking '/home/airlab/test_ws/src/mpc_acado_ros2/install/mpc_acado' for CMake config files
[35.312s] Level 1:colcon.colcon_core.shell:create_environment_hook('mpc_acado', 'cmake_prefix_path')
[35.313s] INFO:colcon.colcon_core.shell:Creating environment hook '/home/airlab/test_ws/src/mpc_acado_ros2/install/mpc_acado/share/mpc_acado/hook/cmake_prefix_path.ps1'
[35.315s] INFO:colcon.colcon_core.shell:Creating environment descriptor '/home/airlab/test_ws/src/mpc_acado_ros2/install/mpc_acado/share/mpc_acado/hook/cmake_prefix_path.dsv'
[35.316s] INFO:colcon.colcon_core.shell:Creating environment hook '/home/airlab/test_ws/src/mpc_acado_ros2/install/mpc_acado/share/mpc_acado/hook/cmake_prefix_path.sh'
[35.318s] Level 1:colcon.colcon_core.environment:checking '/home/airlab/test_ws/src/mpc_acado_ros2/install/mpc_acado/lib'
[35.318s] Level 1:colcon.colcon_core.environment:checking '/home/airlab/test_ws/src/mpc_acado_ros2/install/mpc_acado/bin'
[35.318s] Level 1:colcon.colcon_core.environment:checking '/home/airlab/test_ws/src/mpc_acado_ros2/install/mpc_acado/lib/pkgconfig/mpc_acado.pc'
[35.319s] Level 1:colcon.colcon_core.environment:checking '/home/airlab/test_ws/src/mpc_acado_ros2/install/mpc_acado/lib/python3.10/site-packages'
[35.320s] Level 1:colcon.colcon_core.environment:checking '/home/airlab/test_ws/src/mpc_acado_ros2/install/mpc_acado/bin'
[35.321s] INFO:colcon.colcon_core.shell:Creating package script '/home/airlab/test_ws/src/mpc_acado_ros2/install/mpc_acado/share/mpc_acado/package.ps1'
[35.324s] INFO:colcon.colcon_core.shell:Creating package descriptor '/home/airlab/test_ws/src/mpc_acado_ros2/install/mpc_acado/share/mpc_acado/package.dsv'
[35.325s] INFO:colcon.colcon_core.shell:Creating package script '/home/airlab/test_ws/src/mpc_acado_ros2/install/mpc_acado/share/mpc_acado/package.sh'
[35.327s] INFO:colcon.colcon_core.shell:Creating package script '/home/airlab/test_ws/src/mpc_acado_ros2/install/mpc_acado/share/mpc_acado/package.bash'
[35.328s] INFO:colcon.colcon_core.shell:Creating package script '/home/airlab/test_ws/src/mpc_acado_ros2/install/mpc_acado/share/mpc_acado/package.zsh'
[35.330s] Level 1:colcon.colcon_core.environment:create_file_with_runtime_dependencies(/home/airlab/test_ws/src/mpc_acado_ros2/install/mpc_acado/share/colcon-core/packages/mpc_acado)
[35.331s] Level 1:colcon.colcon_core.environment:create_environment_scripts_only(mpc_acado)
[35.332s] Level 1:colcon.colcon_core.environment:checking '/home/airlab/test_ws/src/mpc_acado_ros2/install/mpc_acado' for CMake module files
[35.333s] Level 1:colcon.colcon_core.environment:checking '/home/airlab/test_ws/src/mpc_acado_ros2/install/mpc_acado' for CMake config files
[35.334s] Level 1:colcon.colcon_core.shell:create_environment_hook('mpc_acado', 'cmake_prefix_path')
[35.335s] INFO:colcon.colcon_core.shell:Creating environment hook '/home/airlab/test_ws/src/mpc_acado_ros2/install/mpc_acado/share/mpc_acado/hook/cmake_prefix_path.ps1'
[35.336s] INFO:colcon.colcon_core.shell:Creating environment descriptor '/home/airlab/test_ws/src/mpc_acado_ros2/install/mpc_acado/share/mpc_acado/hook/cmake_prefix_path.dsv'
[35.337s] INFO:colcon.colcon_core.shell:Creating environment hook '/home/airlab/test_ws/src/mpc_acado_ros2/install/mpc_acado/share/mpc_acado/hook/cmake_prefix_path.sh'
[35.339s] Level 1:colcon.colcon_core.environment:checking '/home/airlab/test_ws/src/mpc_acado_ros2/install/mpc_acado/lib'
[35.339s] Level 1:colcon.colcon_core.environment:checking '/home/airlab/test_ws/src/mpc_acado_ros2/install/mpc_acado/bin'
[35.339s] Level 1:colcon.colcon_core.environment:checking '/home/airlab/test_ws/src/mpc_acado_ros2/install/mpc_acado/lib/pkgconfig/mpc_acado.pc'
[35.339s] Level 1:colcon.colcon_core.environment:checking '/home/airlab/test_ws/src/mpc_acado_ros2/install/mpc_acado/lib/python3.10/site-packages'
[35.340s] Level 1:colcon.colcon_core.environment:checking '/home/airlab/test_ws/src/mpc_acado_ros2/install/mpc_acado/bin'
[35.340s] INFO:colcon.colcon_core.shell:Creating package script '/home/airlab/test_ws/src/mpc_acado_ros2/install/mpc_acado/share/mpc_acado/package.ps1'
[35.341s] INFO:colcon.colcon_core.shell:Creating package descriptor '/home/airlab/test_ws/src/mpc_acado_ros2/install/mpc_acado/share/mpc_acado/package.dsv'
[35.341s] INFO:colcon.colcon_core.shell:Creating package script '/home/airlab/test_ws/src/mpc_acado_ros2/install/mpc_acado/share/mpc_acado/package.sh'
[35.342s] INFO:colcon.colcon_core.shell:Creating package script '/home/airlab/test_ws/src/mpc_acado_ros2/install/mpc_acado/share/mpc_acado/package.bash'
[35.343s] INFO:colcon.colcon_core.shell:Creating package script '/home/airlab/test_ws/src/mpc_acado_ros2/install/mpc_acado/share/mpc_acado/package.zsh'
[35.343s] Level 1:colcon.colcon_core.environment:create_file_with_runtime_dependencies(/home/airlab/test_ws/src/mpc_acado_ros2/install/mpc_acado/share/colcon-core/packages/mpc_acado)
[35.344s] DEBUG:colcon.colcon_parallel_executor.executor.parallel:closing loop
[35.344s] DEBUG:colcon.colcon_parallel_executor.executor.parallel:loop closed
[35.344s] DEBUG:colcon.colcon_parallel_executor.executor.parallel:run_until_complete finished with '0'
[35.344s] DEBUG:colcon.colcon_core.event_reactor:joining thread
[35.359s] INFO:colcon.colcon_core.plugin_system:Skipping extension 'colcon_notification.desktop_notification.terminal_notifier': Not used on non-Darwin systems
[35.359s] INFO:colcon.colcon_core.plugin_system:Skipping extension 'colcon_notification.desktop_notification.win32': Not used on non-Windows systems
[35.359s] INFO:colcon.colcon_notification.desktop_notification:Sending desktop notification using 'notify2'
[35.382s] DEBUG:colcon.colcon_core.event_reactor:joined thread
[35.383s] INFO:colcon.colcon_core.shell:Creating prefix script '/home/airlab/test_ws/src/mpc_acado_ros2/install/local_setup.ps1'
[35.386s] INFO:colcon.colcon_core.shell:Creating prefix util module '/home/airlab/test_ws/src/mpc_acado_ros2/install/_local_setup_util_ps1.py'
[35.390s] INFO:colcon.colcon_core.shell:Creating prefix chain script '/home/airlab/test_ws/src/mpc_acado_ros2/install/setup.ps1'
[35.394s] INFO:colcon.colcon_core.shell:Creating prefix script '/home/airlab/test_ws/src/mpc_acado_ros2/install/local_setup.sh'
[35.395s] INFO:colcon.colcon_core.shell:Creating prefix util module '/home/airlab/test_ws/src/mpc_acado_ros2/install/_local_setup_util_sh.py'
[35.396s] INFO:colcon.colcon_core.shell:Creating prefix chain script '/home/airlab/test_ws/src/mpc_acado_ros2/install/setup.sh'
[35.399s] INFO:colcon.colcon_core.shell:Creating prefix script '/home/airlab/test_ws/src/mpc_acado_ros2/install/local_setup.bash'
[35.401s] INFO:colcon.colcon_core.shell:Creating prefix chain script '/home/airlab/test_ws/src/mpc_acado_ros2/install/setup.bash'
[35.404s] INFO:colcon.colcon_core.shell:Creating prefix script '/home/airlab/test_ws/src/mpc_acado_ros2/install/local_setup.zsh'
[35.405s] INFO:colcon.colcon_core.shell:Creating prefix chain script '/home/airlab/test_ws/src/mpc_acado_ros2/install/setup.zsh'
