-- The C compiler identification is GNU 11.4.0
-- The CXX compiler identification is GNU 11.4.0
-- Detecting C compiler ABI info
-- Detecting C compiler ABI info - done
-- Check for working C compiler: /usr/bin/cc - skipped
-- Detecting C compile features
-- Detecting C compile features - done
-- Detecting CXX compiler ABI info
-- Detecting CXX compiler ABI info - done
-- Check for working CXX compiler: /usr/bin/c++ - skipped
-- Detecting CXX compile features
-- Detecting CXX compile features - done
-- Found ament_cmake: 1.3.11 (/opt/ros/humble/share/ament_cmake/cmake)
-- Found Python3: /usr/bin/python3 (found version "3.10.12") found components: Interpreter 
-- Found rclcpp: 16.0.11 (/opt/ros/humble/share/rclcpp/cmake)
-- Found rosidl_generator_c: 3.1.6 (/opt/ros/humble/share/rosidl_generator_c/cmake)
-- Found rosidl_adapter: 3.1.6 (/opt/ros/humble/share/rosidl_adapter/cmake)
-- Found rosidl_generator_cpp: 3.1.6 (/opt/ros/humble/share/rosidl_generator_cpp/cmake)
-- Using all available rosidl_typesupport_c: rosidl_typesupport_fastrtps_c;rosidl_typesupport_introspection_c
-- Using all available rosidl_typesupport_cpp: rosidl_typesupport_fastrtps_cpp;rosidl_typesupport_introspection_cpp
-- Found rmw_implementation_cmake: 6.1.2 (/opt/ros/humble/share/rmw_implementation_cmake/cmake)
-- Found rmw_fastrtps_cpp: 6.2.7 (/opt/ros/humble/share/rmw_fastrtps_cpp/cmake)
-- Found OpenSSL: /usr/lib/x86_64-linux-gnu/libcrypto.so (found version "3.0.2")  
-- Found FastRTPS: /opt/ros/humble/include  
-- Using RMW implementation 'rmw_fastrtps_cpp' as default
-- Looking for pthread.h
-- Looking for pthread.h - found
-- Performing Test CMAKE_HAVE_LIBC_PTHREAD
-- Performing Test CMAKE_HAVE_LIBC_PTHREAD - Success
-- Found Threads: TRUE  
-- Found nav_msgs: 4.2.4 (/opt/ros/humble/share/nav_msgs/cmake)
-- Found px4_msgs: 2.0.1 (/home/airlab/drone_control_ws/install/px4_msgs/share/px4_msgs/cmake)
-- ********************************************************************************
-- ---> Looking for ACADO toolkit:
-- Could not find ACADO toolkit include directories
-- Could not find ACADO toolkit library directories
-- Could not find ACADO static library.
-- Could not find ACADO shared library.
-- ********************************************************************************
-- Found tf2: 0.25.12 (/opt/ros/humble/share/tf2/cmake)
-- Found tf2_geometry_msgs: 0.25.16 (/opt/ros/humble/share/tf2_geometry_msgs/cmake)
-- Found eigen3_cmake_module: 0.1.1 (/opt/ros/humble/share/eigen3_cmake_module/cmake)
-- Found Eigen3: TRUE (found version "3.4.0") 
-- Ensuring Eigen3 include directory is part of orocos-kdl CMake target
-- Found ament_lint_auto: 0.12.11 (/opt/ros/humble/share/ament_lint_auto/cmake)
-- Added test 'copyright' to check source files copyright and LICENSE
-- Added test 'cppcheck' to perform static code analysis on C / C++ code
-- Configured cppcheck include dirs: /home/airlab/test_ws/src/mpc_acado_ros2/.;/home/airlab/test_ws/src/mpc_acado_ros2/include;/home/airlab/test_ws/src/mpc_acado_ros2/model/codegen/;/home/airlab/test_ws/src/mpc_acado_ros2/externals/qpoases;/home/airlab/test_ws/src/mpc_acado_ros2/externals/qpoases/INCLUDE;/home/airlab/test_ws/src/mpc_acado_ros2/externals/qpoases/SRC;/home/airlab/test_ws/src/mpc_acado_ros2/externals/ACADOtoolkit/acado/code_generation;/home/airlab/test_ws/src/mpc_acado_ros2/externals/ACADOtoolkit/acado;/home/airlab/test_ws/src/mpc_acado_ros2/externals/ACADOtoolkit/
-- Configured cppcheck exclude dirs and/or files: 
-- Added test 'cpplint' to check C / C++ code against the Google style
-- Configured cpplint exclude dirs and/or files: 
-- Added test 'flake8' to check Python code syntax and style conventions
-- Added test 'lint_cmake' to check CMake code style
-- Added test 'pep257' to check Python code against some of the docstring style conventions in PEP 257
-- Added test 'uncrustify' to check C / C++ code style
-- Configured uncrustify additional arguments: 
-- Added test 'xmllint' to check XML markup files
-- Configuring done
-- Generating done
-- Build files have been written to: /home/airlab/test_ws/src/mpc_acado_ros2/build/mpc_acado
[ 21%] [32mBuilding CXX object CMakeFiles/mpc_solver.dir/externals/qpoases/SRC/QProblem.cpp.o[0m
[ 21%] [32mBuilding CXX object CMakeFiles/mpc_solver.dir/externals/qpoases/SRC/Indexlist.cpp.o[0m
[ 21%] [32mBuilding CXX object CMakeFiles/mpc_solver.dir/externals/qpoases/SRC/MessageHandling.cpp.o[0m
[ 26%] [32mBuilding CXX object CMakeFiles/mpc_solver.dir/externals/qpoases/SRC/Constraints.cpp.o[0m
[ 21%] [32mBuilding CXX object CMakeFiles/mpc_solver.dir/externals/qpoases/SRC/Bounds.cpp.o[0m
[ 31%] [32mBuilding CXX object CMakeFiles/mpc_solver.dir/externals/qpoases/SRC/CyclingManager.cpp.o[0m
[ 42%] [32mBuilding CXX object CMakeFiles/mpc_solver.dir/externals/qpoases/SRC/QProblemB.cpp.o[0m
[ 42%] [32mBuilding CXX object CMakeFiles/mpc_solver.dir/externals/qpoases/SRC/SubjectTo.cpp.o[0m
[ 47%] [32mBuilding CXX object CMakeFiles/mpc_solver.dir/externals/qpoases/SRC/Utils.cpp.o[0m
[ 52%] [32mBuilding CXX object CMakeFiles/mpc_solver.dir/externals/qpoases/SRC/EXTRAS/SolutionAnalysis.cpp.o[0m
[ 57%] [32mBuilding CXX object CMakeFiles/mpc_solver.dir/model/codegen/nmpc_qpoases_interface.cpp.o[0m
[ 63%] [32mBuilding C object CMakeFiles/mpc_solver.dir/model/codegen/nmpc_integrator.c.o[0m
[ 68%] [32mBuilding C object CMakeFiles/mpc_solver.dir/model/codegen/nmpc_solver.c.o[0m
[ 73%] [32mBuilding C object CMakeFiles/mpc_solver.dir/model/codegen/nmpc_auxiliary_functions.c.o[0m
[ 78%] [32m[1mLinking CXX static library libmpc_solver.a[0m
[ 78%] Built target mpc_solver
[ 89%] [32mBuilding CXX object CMakeFiles/mpc_acado_node.dir/src/mpc_acado_node.cpp.o[0m
[ 89%] [32mBuilding CXX object CMakeFiles/code_gen_drone.dir/src/code_generation/code_gen_drone.cpp.o[0m
[ 94%] [32m[1mLinking CXX executable ../../code_gen_drone[0m
[ 94%] Built target code_gen_drone
