[0.288s] DEBUG:colcon:Command line arguments: ['/usr/bin/colcon', 'build']
[0.288s] DEBUG:colcon:Parsed command line arguments: Namespace(log_base=None, log_level=None, verb_name='build', build_base='build', install_base='install', merge_install=False, symlink_install=False, test_result_base=None, continue_on_error=False, executor='parallel', parallel_workers=12, event_handlers=None, ignore_user_meta=False, metas=['./colcon.meta'], base_paths=['.'], packages_ignore=None, packages_ignore_regex=None, paths=None, packages_up_to=None, packages_up_to_regex=None, packages_above=None, packages_above_and_dependencies=None, packages_above_depth=None, packages_select_by_dep=None, packages_skip_by_dep=None, packages_skip_up_to=None, packages_select_build_failed=False, packages_skip_build_finished=False, packages_select_test_failures=False, packages_skip_test_passed=False, packages_select=None, packages_skip=None, packages_select_regex=None, packages_skip_regex=None, packages_start=None, packages_end=None, allow_overriding=[], cmake_args=None, cmake_target=None, cmake_target_skip_unavailable=False, cmake_clean_cache=False, cmake_clean_first=False, cmake_force_configure=False, ament_cmake_args=None, catkin_cmake_args=None, catkin_skip_building_tests=False, mixin_files=None, mixin=None, verb_parser=<colcon_mixin.mixin.mixin_argument.MixinArgumentDecorator object at 0x7ae58d29c9d0>, verb_extension=<colcon_core.verb.build.BuildVerb object at 0x7ae58d29c370>, main=<bound method BuildVerb.main of <colcon_core.verb.build.BuildVerb object at 0x7ae58d29c370>>, mixin_verb=('build',))
[0.864s] Level 1:colcon.colcon_core.package_discovery:discover_packages(colcon_meta) check parameters
[0.865s] Level 1:colcon.colcon_core.package_discovery:discover_packages(recursive) check parameters
[0.865s] Level 1:colcon.colcon_core.package_discovery:discover_packages(ignore) check parameters
[0.865s] Level 1:colcon.colcon_core.package_discovery:discover_packages(path) check parameters
[0.865s] Level 1:colcon.colcon_core.package_discovery:discover_packages(colcon_meta) discover
[0.865s] Level 1:colcon.colcon_core.package_discovery:discover_packages(recursive) discover
[0.866s] INFO:colcon.colcon_core.package_discovery:Crawling recursively for packages in '/home/airlab/test_ws/src/mpc_acado_ros2'
[0.866s] Level 1:colcon.colcon_core.package_identification:_identify(.) by extensions ['ignore', 'ignore_ament_install']
[0.867s] Level 1:colcon.colcon_core.package_identification:_identify(.) by extension 'ignore'
[0.867s] Level 1:colcon.colcon_core.package_identification:_identify(.) by extension 'ignore_ament_install'
[0.868s] Level 1:colcon.colcon_core.package_identification:_identify(.) by extensions ['colcon_pkg']
[0.868s] Level 1:colcon.colcon_core.package_identification:_identify(.) by extension 'colcon_pkg'
[0.868s] Level 1:colcon.colcon_core.package_identification:_identify(.) by extensions ['colcon_meta']
[0.868s] Level 1:colcon.colcon_core.package_identification:_identify(.) by extension 'colcon_meta'
[0.869s] Level 1:colcon.colcon_core.package_identification:_identify(.) by extensions ['ros']
[0.869s] Level 1:colcon.colcon_core.package_identification:_identify(.) by extension 'ros'
[0.952s] DEBUG:colcon.colcon_core.package_identification:Package '.' with type 'ros.ament_cmake' and name 'mpc_acado'
[0.952s] Level 1:colcon.colcon_core.package_discovery:discover_packages(recursive) using defaults
[0.953s] Level 1:colcon.colcon_core.package_discovery:discover_packages(ignore) discover
[0.953s] Level 1:colcon.colcon_core.package_discovery:discover_packages(ignore) using defaults
[0.953s] Level 1:colcon.colcon_core.package_discovery:discover_packages(path) discover
[0.953s] Level 1:colcon.colcon_core.package_discovery:discover_packages(path) using defaults
[0.990s] Level 1:colcon.colcon_core.package_discovery:discover_packages(prefix_path) check parameters
[0.990s] Level 1:colcon.colcon_core.package_discovery:discover_packages(prefix_path) discover
[0.994s] DEBUG:colcon.colcon_installed_package_information.package_discovery:Found 6 installed packages in /home/airlab/drone_control_ws/install
[0.995s] DEBUG:colcon.colcon_installed_package_information.package_discovery:Found 1 installed packages in /home/airlab/drone_control_ws/src/mpc_casadi_ros2/install
[0.997s] DEBUG:colcon.colcon_installed_package_information.package_discovery:Found 284 installed packages in /opt/ros/humble
[1.005s] Level 1:colcon.colcon_core.package_discovery:discover_packages(prefix_path) using defaults
[1.085s] Level 5:colcon.colcon_core.verb:set package 'mpc_acado' build argument 'cmake_args' from command line to 'None'
[1.086s] Level 5:colcon.colcon_core.verb:set package 'mpc_acado' build argument 'cmake_target' from command line to 'None'
[1.086s] Level 5:colcon.colcon_core.verb:set package 'mpc_acado' build argument 'cmake_target_skip_unavailable' from command line to 'False'
[1.086s] Level 5:colcon.colcon_core.verb:set package 'mpc_acado' build argument 'cmake_clean_cache' from command line to 'False'
[1.086s] Level 5:colcon.colcon_core.verb:set package 'mpc_acado' build argument 'cmake_clean_first' from command line to 'False'
[1.086s] Level 5:colcon.colcon_core.verb:set package 'mpc_acado' build argument 'cmake_force_configure' from command line to 'False'
[1.086s] Level 5:colcon.colcon_core.verb:set package 'mpc_acado' build argument 'ament_cmake_args' from command line to 'None'
[1.086s] Level 5:colcon.colcon_core.verb:set package 'mpc_acado' build argument 'catkin_cmake_args' from command line to 'None'
[1.086s] Level 5:colcon.colcon_core.verb:set package 'mpc_acado' build argument 'catkin_skip_building_tests' from command line to 'False'
[1.086s] DEBUG:colcon.colcon_core.verb:Building package 'mpc_acado' with the following arguments: {'ament_cmake_args': None, 'build_base': '/home/airlab/test_ws/src/mpc_acado_ros2/build/mpc_acado', 'catkin_cmake_args': None, 'catkin_skip_building_tests': False, 'cmake_args': None, 'cmake_clean_cache': False, 'cmake_clean_first': False, 'cmake_force_configure': False, 'cmake_target': None, 'cmake_target_skip_unavailable': False, 'install_base': '/home/airlab/test_ws/src/mpc_acado_ros2/install/mpc_acado', 'merge_install': False, 'path': '/home/airlab/test_ws/src/mpc_acado_ros2', 'symlink_install': False, 'test_result_base': None}
[1.086s] INFO:colcon.colcon_core.executor:Executing jobs using 'parallel' executor
[1.088s] DEBUG:colcon.colcon_parallel_executor.executor.parallel:run_until_complete
[1.089s] INFO:colcon.colcon_ros.task.ament_cmake.build:Building ROS package in '/home/airlab/test_ws/src/mpc_acado_ros2' with build type 'ament_cmake'
[1.089s] INFO:colcon.colcon_cmake.task.cmake.build:Building CMake package in '/home/airlab/test_ws/src/mpc_acado_ros2'
[1.093s] INFO:colcon.colcon_core.plugin_system:Skipping extension 'colcon_core.shell.bat': Not used on non-Windows systems
[1.094s] INFO:colcon.colcon_core.shell:Skip shell extension 'powershell' for command environment: Not usable outside of PowerShell
[1.094s] DEBUG:colcon.colcon_core.shell:Skip shell extension 'dsv' for command environment
[1.116s] DEBUG:colcon.colcon_core.event_handler.log_command:Invoking command in '/home/airlab/test_ws/src/mpc_acado_ros2/build/mpc_acado': CMAKE_PREFIX_PATH=${CMAKE_PREFIX_PATH}:/home/airlab/drone_control_ws/install/drone_nn_dynamics:/home/airlab/drone_control_ws/install/cl_control:/opt/ros/humble /usr/bin/cmake --build /home/airlab/test_ws/src/mpc_acado_ros2/build/mpc_acado -- -j12 -l12
[36.447s] DEBUG:colcon.colcon_core.event_handler.log_command:Invoked command in '/home/airlab/test_ws/src/mpc_acado_ros2/build/mpc_acado' returned '0': CMAKE_PREFIX_PATH=${CMAKE_PREFIX_PATH}:/home/airlab/drone_control_ws/install/drone_nn_dynamics:/home/airlab/drone_control_ws/install/cl_control:/opt/ros/humble /usr/bin/cmake --build /home/airlab/test_ws/src/mpc_acado_ros2/build/mpc_acado -- -j12 -l12
[36.465s] DEBUG:colcon.colcon_core.event_handler.log_command:Invoking command in '/home/airlab/test_ws/src/mpc_acado_ros2/build/mpc_acado': CMAKE_PREFIX_PATH=${CMAKE_PREFIX_PATH}:/home/airlab/drone_control_ws/install/drone_nn_dynamics:/home/airlab/drone_control_ws/install/cl_control:/opt/ros/humble /usr/bin/cmake --install /home/airlab/test_ws/src/mpc_acado_ros2/build/mpc_acado
[36.497s] Level 1:colcon.colcon_core.environment:create_environment_scripts_only(mpc_acado)
[36.498s] DEBUG:colcon.colcon_core.event_handler.log_command:Invoked command in '/home/airlab/test_ws/src/mpc_acado_ros2/build/mpc_acado' returned '0': CMAKE_PREFIX_PATH=${CMAKE_PREFIX_PATH}:/home/airlab/drone_control_ws/install/drone_nn_dynamics:/home/airlab/drone_control_ws/install/cl_control:/opt/ros/humble /usr/bin/cmake --install /home/airlab/test_ws/src/mpc_acado_ros2/build/mpc_acado
[36.505s] Level 1:colcon.colcon_core.environment:checking '/home/airlab/test_ws/src/mpc_acado_ros2/install/mpc_acado' for CMake module files
[36.507s] Level 1:colcon.colcon_core.environment:checking '/home/airlab/test_ws/src/mpc_acado_ros2/install/mpc_acado' for CMake config files
[36.508s] Level 1:colcon.colcon_core.shell:create_environment_hook('mpc_acado', 'cmake_prefix_path')
[36.508s] INFO:colcon.colcon_core.shell:Creating environment hook '/home/airlab/test_ws/src/mpc_acado_ros2/install/mpc_acado/share/mpc_acado/hook/cmake_prefix_path.ps1'
[36.510s] INFO:colcon.colcon_core.shell:Creating environment descriptor '/home/airlab/test_ws/src/mpc_acado_ros2/install/mpc_acado/share/mpc_acado/hook/cmake_prefix_path.dsv'
[36.511s] INFO:colcon.colcon_core.shell:Creating environment hook '/home/airlab/test_ws/src/mpc_acado_ros2/install/mpc_acado/share/mpc_acado/hook/cmake_prefix_path.sh'
[36.512s] Level 1:colcon.colcon_core.environment:checking '/home/airlab/test_ws/src/mpc_acado_ros2/install/mpc_acado/lib'
[36.513s] Level 1:colcon.colcon_core.environment:checking '/home/airlab/test_ws/src/mpc_acado_ros2/install/mpc_acado/bin'
[36.513s] Level 1:colcon.colcon_core.environment:checking '/home/airlab/test_ws/src/mpc_acado_ros2/install/mpc_acado/lib/pkgconfig/mpc_acado.pc'
[36.513s] Level 1:colcon.colcon_core.environment:checking '/home/airlab/test_ws/src/mpc_acado_ros2/install/mpc_acado/lib/python3.10/site-packages'
[36.514s] Level 1:colcon.colcon_core.environment:checking '/home/airlab/test_ws/src/mpc_acado_ros2/install/mpc_acado/bin'
[36.514s] INFO:colcon.colcon_core.shell:Creating package script '/home/airlab/test_ws/src/mpc_acado_ros2/install/mpc_acado/share/mpc_acado/package.ps1'
[36.515s] INFO:colcon.colcon_core.shell:Creating package descriptor '/home/airlab/test_ws/src/mpc_acado_ros2/install/mpc_acado/share/mpc_acado/package.dsv'
[36.517s] INFO:colcon.colcon_core.shell:Creating package script '/home/airlab/test_ws/src/mpc_acado_ros2/install/mpc_acado/share/mpc_acado/package.sh'
[36.519s] INFO:colcon.colcon_core.shell:Creating package script '/home/airlab/test_ws/src/mpc_acado_ros2/install/mpc_acado/share/mpc_acado/package.bash'
[36.520s] INFO:colcon.colcon_core.shell:Creating package script '/home/airlab/test_ws/src/mpc_acado_ros2/install/mpc_acado/share/mpc_acado/package.zsh'
[36.521s] Level 1:colcon.colcon_core.environment:create_file_with_runtime_dependencies(/home/airlab/test_ws/src/mpc_acado_ros2/install/mpc_acado/share/colcon-core/packages/mpc_acado)
[36.522s] Level 1:colcon.colcon_core.environment:create_environment_scripts_only(mpc_acado)
[36.522s] Level 1:colcon.colcon_core.environment:checking '/home/airlab/test_ws/src/mpc_acado_ros2/install/mpc_acado' for CMake module files
[36.523s] Level 1:colcon.colcon_core.environment:checking '/home/airlab/test_ws/src/mpc_acado_ros2/install/mpc_acado' for CMake config files
[36.523s] Level 1:colcon.colcon_core.shell:create_environment_hook('mpc_acado', 'cmake_prefix_path')
[36.524s] INFO:colcon.colcon_core.shell:Creating environment hook '/home/airlab/test_ws/src/mpc_acado_ros2/install/mpc_acado/share/mpc_acado/hook/cmake_prefix_path.ps1'
[36.526s] INFO:colcon.colcon_core.shell:Creating environment descriptor '/home/airlab/test_ws/src/mpc_acado_ros2/install/mpc_acado/share/mpc_acado/hook/cmake_prefix_path.dsv'
[36.528s] INFO:colcon.colcon_core.shell:Creating environment hook '/home/airlab/test_ws/src/mpc_acado_ros2/install/mpc_acado/share/mpc_acado/hook/cmake_prefix_path.sh'
[36.530s] Level 1:colcon.colcon_core.environment:checking '/home/airlab/test_ws/src/mpc_acado_ros2/install/mpc_acado/lib'
[36.530s] Level 1:colcon.colcon_core.environment:checking '/home/airlab/test_ws/src/mpc_acado_ros2/install/mpc_acado/bin'
[36.531s] Level 1:colcon.colcon_core.environment:checking '/home/airlab/test_ws/src/mpc_acado_ros2/install/mpc_acado/lib/pkgconfig/mpc_acado.pc'
[36.531s] Level 1:colcon.colcon_core.environment:checking '/home/airlab/test_ws/src/mpc_acado_ros2/install/mpc_acado/lib/python3.10/site-packages'
[36.531s] Level 1:colcon.colcon_core.environment:checking '/home/airlab/test_ws/src/mpc_acado_ros2/install/mpc_acado/bin'
[36.532s] INFO:colcon.colcon_core.shell:Creating package script '/home/airlab/test_ws/src/mpc_acado_ros2/install/mpc_acado/share/mpc_acado/package.ps1'
[36.534s] INFO:colcon.colcon_core.shell:Creating package descriptor '/home/airlab/test_ws/src/mpc_acado_ros2/install/mpc_acado/share/mpc_acado/package.dsv'
[36.535s] INFO:colcon.colcon_core.shell:Creating package script '/home/airlab/test_ws/src/mpc_acado_ros2/install/mpc_acado/share/mpc_acado/package.sh'
[36.535s] INFO:colcon.colcon_core.shell:Creating package script '/home/airlab/test_ws/src/mpc_acado_ros2/install/mpc_acado/share/mpc_acado/package.bash'
[36.536s] INFO:colcon.colcon_core.shell:Creating package script '/home/airlab/test_ws/src/mpc_acado_ros2/install/mpc_acado/share/mpc_acado/package.zsh'
[36.537s] Level 1:colcon.colcon_core.environment:create_file_with_runtime_dependencies(/home/airlab/test_ws/src/mpc_acado_ros2/install/mpc_acado/share/colcon-core/packages/mpc_acado)
[36.538s] DEBUG:colcon.colcon_parallel_executor.executor.parallel:closing loop
[36.539s] DEBUG:colcon.colcon_parallel_executor.executor.parallel:loop closed
[36.539s] DEBUG:colcon.colcon_parallel_executor.executor.parallel:run_until_complete finished with '0'
[36.539s] DEBUG:colcon.colcon_core.event_reactor:joining thread
[36.549s] INFO:colcon.colcon_core.plugin_system:Skipping extension 'colcon_notification.desktop_notification.terminal_notifier': Not used on non-Darwin systems
[36.549s] INFO:colcon.colcon_core.plugin_system:Skipping extension 'colcon_notification.desktop_notification.win32': Not used on non-Windows systems
[36.549s] INFO:colcon.colcon_notification.desktop_notification:Sending desktop notification using 'notify2'
[36.581s] DEBUG:colcon.colcon_core.event_reactor:joined thread
[36.583s] INFO:colcon.colcon_core.shell:Creating prefix script '/home/airlab/test_ws/src/mpc_acado_ros2/install/local_setup.ps1'
[36.586s] INFO:colcon.colcon_core.shell:Creating prefix util module '/home/airlab/test_ws/src/mpc_acado_ros2/install/_local_setup_util_ps1.py'
[36.590s] INFO:colcon.colcon_core.shell:Creating prefix chain script '/home/airlab/test_ws/src/mpc_acado_ros2/install/setup.ps1'
[36.593s] INFO:colcon.colcon_core.shell:Creating prefix script '/home/airlab/test_ws/src/mpc_acado_ros2/install/local_setup.sh'
[36.594s] INFO:colcon.colcon_core.shell:Creating prefix util module '/home/airlab/test_ws/src/mpc_acado_ros2/install/_local_setup_util_sh.py'
[36.595s] INFO:colcon.colcon_core.shell:Creating prefix chain script '/home/airlab/test_ws/src/mpc_acado_ros2/install/setup.sh'
[36.596s] INFO:colcon.colcon_core.shell:Creating prefix script '/home/airlab/test_ws/src/mpc_acado_ros2/install/local_setup.bash'
[36.597s] INFO:colcon.colcon_core.shell:Creating prefix chain script '/home/airlab/test_ws/src/mpc_acado_ros2/install/setup.bash'
[36.601s] INFO:colcon.colcon_core.shell:Creating prefix script '/home/airlab/test_ws/src/mpc_acado_ros2/install/local_setup.zsh'
[36.604s] INFO:colcon.colcon_core.shell:Creating prefix chain script '/home/airlab/test_ws/src/mpc_acado_ros2/install/setup.zsh'
