[ 78%] Built target mpc_solver
[35m[1mConsolidate compiler generated dependencies of target mpc_acado_node[0m
[ 89%] Built target code_gen_drone
[ 94%] [32mBuilding CXX object CMakeFiles/mpc_acado_node.dir/src/mpc_acado_node.cpp.o[0m
[100%] [32m[1mLinking CXX executable mpc_acado_node[0m
[100%] Built target mpc_acado_node
-- Install configuration: ""
-- Up-to-date: /home/airlab/test_ws/src/mpc_acado_ros2/install/mpc_acado/share/ament_index/resource_index/package_run_dependencies/mpc_acado
-- Up-to-date: /home/airlab/test_ws/src/mpc_acado_ros2/install/mpc_acado/share/ament_index/resource_index/parent_prefix_path/mpc_acado
-- Up-to-date: /home/airlab/test_ws/src/mpc_acado_ros2/install/mpc_acado/share/mpc_acado/environment/ament_prefix_path.sh
-- Up-to-date: /home/airlab/test_ws/src/mpc_acado_ros2/install/mpc_acado/share/mpc_acado/environment/ament_prefix_path.dsv
-- Up-to-date: /home/airlab/test_ws/src/mpc_acado_ros2/install/mpc_acado/share/mpc_acado/environment/path.sh
-- Up-to-date: /home/airlab/test_ws/src/mpc_acado_ros2/install/mpc_acado/share/mpc_acado/environment/path.dsv
-- Up-to-date: /home/airlab/test_ws/src/mpc_acado_ros2/install/mpc_acado/share/mpc_acado/local_setup.bash
-- Up-to-date: /home/airlab/test_ws/src/mpc_acado_ros2/install/mpc_acado/share/mpc_acado/local_setup.sh
-- Up-to-date: /home/airlab/test_ws/src/mpc_acado_ros2/install/mpc_acado/share/mpc_acado/local_setup.zsh
-- Up-to-date: /home/airlab/test_ws/src/mpc_acado_ros2/install/mpc_acado/share/mpc_acado/local_setup.dsv
-- Installing: /home/airlab/test_ws/src/mpc_acado_ros2/install/mpc_acado/share/mpc_acado/package.dsv
-- Up-to-date: /home/airlab/test_ws/src/mpc_acado_ros2/install/mpc_acado/share/ament_index/resource_index/packages/mpc_acado
-- Up-to-date: /home/airlab/test_ws/src/mpc_acado_ros2/install/mpc_acado/share/mpc_acado/cmake/ament_cmake_export_include_directories-extras.cmake
-- Up-to-date: /home/airlab/test_ws/src/mpc_acado_ros2/install/mpc_acado/share/mpc_acado/cmake/mpc_acadoConfig.cmake
-- Up-to-date: /home/airlab/test_ws/src/mpc_acado_ros2/install/mpc_acado/share/mpc_acado/cmake/mpc_acadoConfig-version.cmake
-- Up-to-date: /home/airlab/test_ws/src/mpc_acado_ros2/install/mpc_acado/share/mpc_acado/package.xml
-- Installing: /home/airlab/test_ws/src/mpc_acado_ros2/install/mpc_acado/lib/mpc_acado/code_gen_drone
-- Set runtime path of "/home/airlab/test_ws/src/mpc_acado_ros2/install/mpc_acado/lib/mpc_acado/code_gen_drone" to ""
-- Installing: /home/airlab/test_ws/src/mpc_acado_ros2/install/mpc_acado/lib/mpc_acado/mpc_acado_node
-- Set runtime path of "/home/airlab/test_ws/src/mpc_acado_ros2/install/mpc_acado/lib/mpc_acado/mpc_acado_node" to ""
